<?xml version="1.0" encoding="UTF-8"?>
<testsuite name="com.dentsu.bootcamp.service.ReservationServiceTest" tests="1" skipped="0" failures="0" errors="0" timestamp="2024-12-13T14:11:32" hostname="BR-FVFFH46JQ6LT" time="0.852">
  <properties/>
  <testcase name="givenValidReservation_whenCancelReservation_thenReservationIsDeleted()" classname="com.dentsu.bootcamp.service.ReservationServiceTest" time="0.852"/>
  <system-out><![CDATA[11:11:33.663 [Test worker] ERROR com.dentsu.bootcamp.service.ReservationService -- email failed: null
]]></system-out>
  <system-err><![CDATA[]]></system-err>
</testsuite>
