<?xml version="1.0" encoding="UTF-8"?>
<testsuite name="com.dentsu.bootcamp.service.ReservationServiceTest" tests="1" skipped="0" failures="0" errors="0" timestamp="2024-12-05T16:50:55" hostname="BR-FVFFH46JQ6LT" time="0.686">
  <properties/>
  <testcase name="givenInvalidDetails_whenGetReservation_thenThrowReservationNotFoundException()" classname="com.dentsu.bootcamp.service.ReservationServiceTest" time="0.686"/>
  <system-out><![CDATA[]]></system-out>
  <system-err><![CDATA[]]></system-err>
</testsuite>
