<?xml version="1.0" encoding="UTF-8"?>
<testsuite name="com.dentsu.bootcamp.service.ReservationServiceTest" tests="14" skipped="0" failures="0" errors="0" timestamp="2024-12-10T01:33:29" hostname="BR-FVFFH46JQ6LT" time="0.927">
  <properties/>
  <testcase name="givenReservationWithoutPhone_whenCreateReservation_thenThrowMissingPhoneException()" classname="com.dentsu.bootcamp.service.ReservationServiceTest" time="0.838"/>
  <testcase name="givenReservationWithoutNames_whenCreateReservation_thenThrowMissingNameException()" classname="com.dentsu.bootcamp.service.ReservationServiceTest" time="0.007"/>
  <testcase name="givenInvalidDetails_whenGetReservation_thenThrowReservationNotFoundException()" classname="com.dentsu.bootcamp.service.ReservationServiceTest" time="0.013"/>
  <testcase name="givenTimeIsAfterOpeningHours_whenCheckIfAfterHours_thenReturnTrue()" classname="com.dentsu.bootcamp.service.ReservationServiceTest" time="0.004"/>
  <testcase name="givenValidReservation_whenCancelReservation_thenReservationIsDeleted()" classname="com.dentsu.bootcamp.service.ReservationServiceTest" time="0.012"/>
  <testcase name="givenInvalidOpeningHoursFormat_whenCheckIfAfterHours_thenThrowDateTimeParseException()" classname="com.dentsu.bootcamp.service.ReservationServiceTest" time="0.003"/>
  <testcase name="givenCreateReservation_WhenCalculateTotalPrice_thenReturnCorrectPrice()" classname="com.dentsu.bootcamp.service.ReservationServiceTest" time="0.008"/>
  <testcase name="givenTimeIsBeforeOpeningHours_whenCheckIfAfterHours_thenReturnTrue()" classname="com.dentsu.bootcamp.service.ReservationServiceTest" time="0.002"/>
  <testcase name="givenValidReservation_whenValidateReservationCreation_thenNoException()" classname="com.dentsu.bootcamp.service.ReservationServiceTest" time="0.005"/>
  <testcase name="givenCalculateTotalPrice_WhenTimeIsOffOpeningHours_thenReturnPriceWithFeed()" classname="com.dentsu.bootcamp.service.ReservationServiceTest" time="0.004"/>
  <testcase name="givenTimeBetweenOpeningHours_whenCheckIfAfterHours_thenReturnFalse()" classname="com.dentsu.bootcamp.service.ReservationServiceTest" time="0.004"/>
  <testcase name="givenCalculateTotalPrice_WhenHasAdditionalProducts_thenReturnCorrectPrice()" classname="com.dentsu.bootcamp.service.ReservationServiceTest" time="0.005"/>
  <testcase name="givenReservationWithoutEmail_whenCreateReservation_thenThrowMissingEmailException()" classname="com.dentsu.bootcamp.service.ReservationServiceTest" time="0.002"/>
  <testcase name="givenExistingReservation_whenGetReservation_thenReturnReservation()" classname="com.dentsu.bootcamp.service.ReservationServiceTest" time="0.008"/>
  <system-out><![CDATA[22:33:30.715 [Test worker] ERROR com.dentsu.bootcamp.service.ReservationService -- email failed: null
]]></system-out>
  <system-err><![CDATA[]]></system-err>
</testsuite>
